[2023-04-11 15:11:12] [WARNING]: Protocol -> device lock is disable. http api may fail. 
[2023-04-11 16:29:09] [ERROR]: Protocol -> unexpected disconnect: read tcp 192.168.1.8:12084->183.47.102.145:8080: wsarecv: A connection attempt failed because the connected party did not properly respond after a period of time, or established connection failed because connected host has failed to respond. 
[2023-04-11 16:29:09] [ERROR]: Protocol -> connect server error: dial tcp error: dial tcp 114.222.112.229:443: connectex: A socket operation was attempted to an unreachable host. 
[2023-04-11 16:29:09] [ERROR]: Protocol -> connect server error: dial tcp error: dial tcp 114.222.112.229:443: connectex: A socket operation was attempted to an unreachable host. 
[2023-04-11 16:29:09] [WARNING]: Bot已离线: connection dropped by server. 
[2023-04-11 16:29:12] [WARNING]: 将在 3 秒后尝试重连. 重连次数：2/0 
[2023-04-11 16:29:15] [WARNING]: 尝试重连... 
[2023-04-11 16:29:15] [ERROR]: Protocol -> connect server error: dial tcp error: dial tcp 119.147.190.138:8080: connectex: A socket operation was attempted to an unreachable host. 
[2023-04-11 16:29:15] [WARNING]: 快速重连失败: dial tcp error: dial tcp 119.147.190.138:8080: connectex: A socket operation was attempted to an unreachable host. 
[2023-04-11 16:29:15] [FATAL]: 快速重连失败, 扫码登录无法恢复会话. 
[2023-04-11 16:29:20] [ERROR]: Protocol -> connect server error: dial tcp error: dial tcp 42.81.172.81:80: connectex: A socket operation was attempted to an unreachable host. 
[2023-04-11 16:29:20] [WARNING]: 恢复会话失败: dial tcp error: dial tcp 42.81.172.81:80: connectex: A socket operation was attempted to an unreachable host. , 尝试使用正常流程登录. 
[2023-04-11 16:29:21] [ERROR]: Protocol -> connect server error: dial tcp error: dial tcp 42.81.172.81:80: connectex: A socket operation was attempted to an unreachable host. 
[2023-04-11 16:29:21] [FATAL]: 登录时发生致命错误: dial tcp error: dial tcp 42.81.172.81:80: connectex: A socket operation was attempted to an unreachable host. 
[2023-04-11 16:29:24] [WARNING]: 账号密码未配置, 将使用二维码登录. 
[2023-04-11 16:29:47] [ERROR]: Protocol -> connect server error: dial tcp error: dial tcp 42.81.172.81:80: connectex: A socket operation was attempted to an unreachable host. 
[2023-04-11 16:29:47] [FATAL]: 登录时发生致命错误: dial tcp error: dial tcp 42.81.172.81:80: connectex: A socket operation was attempted to an unreachable host. 
[2023-04-11 16:29:50] [WARNING]: 账号密码未配置, 将使用二维码登录. 
[2023-04-11 16:29:50] [ERROR]: Protocol -> connect server error: dial tcp error: dial tcp 42.81.172.81:80: connectex: A socket operation was attempted to an unreachable host. 
[2023-04-11 16:29:50] [FATAL]: 登录时发生致命错误: dial tcp error: dial tcp 42.81.172.81:80: connectex: A socket operation was attempted to an unreachable host. 
[2023-04-11 16:29:54] [WARNING]: 账号密码未配置, 将使用二维码登录. 
[2023-04-11 16:29:54] [ERROR]: Protocol -> connect server error: dial tcp error: dial tcp 42.81.172.81:80: connectex: A socket operation was attempted to an unreachable host. 
[2023-04-11 16:29:54] [FATAL]: 登录时发生致命错误: dial tcp error: dial tcp 42.81.172.81:80: connectex: A socket operation was attempted to an unreachable host. 
[2023-04-11 16:29:57] [WARNING]: 账号密码未配置, 将使用二维码登录. 
[2023-04-11 16:29:57] [ERROR]: Protocol -> connect server error: dial tcp error: dial tcp 42.81.172.81:80: connectex: A socket operation was attempted to an unreachable host. 
[2023-04-11 16:29:57] [FATAL]: 登录时发生致命错误: dial tcp error: dial tcp 42.81.172.81:80: connectex: A socket operation was attempted to an unreachable host. 
[2023-04-11 16:30:01] [WARNING]: 账号密码未配置, 将使用二维码登录. 
[2023-04-11 16:30:01] [ERROR]: Protocol -> connect server error: dial tcp error: dial tcp 42.81.172.81:80: connectex: A socket operation was attempted to an unreachable host. 
[2023-04-11 16:30:01] [FATAL]: 登录时发生致命错误: dial tcp error: dial tcp 42.81.172.81:80: connectex: A socket operation was attempted to an unreachable host. 
[2023-04-11 16:30:04] [WARNING]: 账号密码未配置, 将使用二维码登录. 
[2023-04-11 16:30:05] [ERROR]: Protocol -> connect server error: dial tcp error: dial tcp 42.81.172.81:80: connectex: A socket operation was attempted to an unreachable host. 
[2023-04-11 16:30:05] [FATAL]: 登录时发生致命错误: dial tcp error: dial tcp 42.81.172.81:80: connectex: A socket operation was attempted to an unreachable host. 
[2023-04-11 16:30:08] [WARNING]: 账号密码未配置, 将使用二维码登录. 
[2023-04-11 16:30:08] [ERROR]: Protocol -> connect server error: dial tcp error: dial tcp 42.81.172.81:80: connectex: A socket operation was attempted to an unreachable host. 
[2023-04-11 16:30:08] [FATAL]: 登录时发生致命错误: dial tcp error: dial tcp 42.81.172.81:80: connectex: A socket operation was attempted to an unreachable host. 
[2023-04-11 16:30:12] [WARNING]: 账号密码未配置, 将使用二维码登录. 
[2023-04-11 16:30:12] [ERROR]: Protocol -> connect server error: dial tcp error: dial tcp 42.81.172.81:80: connectex: A socket operation was attempted to an unreachable host. 
[2023-04-11 16:30:12] [FATAL]: 登录时发生致命错误: dial tcp error: dial tcp 42.81.172.81:80: connectex: A socket operation was attempted to an unreachable host. 
[2023-04-11 16:30:15] [WARNING]: 账号密码未配置, 将使用二维码登录. 
[2023-04-11 16:30:15] [ERROR]: Protocol -> connect server error: dial tcp error: dial tcp 42.81.172.81:80: connectex: A socket operation was attempted to an unreachable host. 
[2023-04-11 16:30:15] [FATAL]: 登录时发生致命错误: dial tcp error: dial tcp 42.81.172.81:80: connectex: A socket operation was attempted to an unreachable host. 
[2023-04-11 16:30:19] [WARNING]: 账号密码未配置, 将使用二维码登录. 
[2023-04-11 16:30:19] [ERROR]: Protocol -> connect server error: dial tcp error: dial tcp 42.81.172.81:80: connectex: A socket operation was attempted to an unreachable host. 
[2023-04-11 16:30:19] [FATAL]: 登录时发生致命错误: dial tcp error: dial tcp 42.81.172.81:80: connectex: A socket operation was attempted to an unreachable host. 
[2023-04-11 16:30:23] [WARNING]: 账号密码未配置, 将使用二维码登录. 
[2023-04-11 16:30:23] [ERROR]: Protocol -> connect server error: dial tcp error: dial tcp 42.81.172.81:80: connectex: A socket operation was attempted to an unreachable host. 
[2023-04-11 16:30:23] [FATAL]: 登录时发生致命错误: dial tcp error: dial tcp 42.81.172.81:80: connectex: A socket operation was attempted to an unreachable host. 
[2023-04-11 16:30:26] [WARNING]: 账号密码未配置, 将使用二维码登录. 
[2023-04-11 16:30:26] [ERROR]: Protocol -> connect server error: dial tcp error: dial tcp 42.81.172.81:80: connectex: A socket operation was attempted to an unreachable host. 
[2023-04-11 16:30:26] [FATAL]: 登录时发生致命错误: dial tcp error: dial tcp 42.81.172.81:80: connectex: A socket operation was attempted to an unreachable host. 
[2023-04-11 16:30:30] [WARNING]: 账号密码未配置, 将使用二维码登录. 
[2023-04-11 16:30:30] [ERROR]: Protocol -> connect server error: dial tcp error: dial tcp 42.81.172.81:80: connectex: A socket operation was attempted to an unreachable host. 
[2023-04-11 16:30:30] [FATAL]: 登录时发生致命错误: dial tcp error: dial tcp 42.81.172.81:80: connectex: A socket operation was attempted to an unreachable host. 
[2023-04-11 16:30:33] [WARNING]: 账号密码未配置, 将使用二维码登录. 
[2023-04-11 16:30:33] [ERROR]: Protocol -> connect server error: dial tcp error: dial tcp 42.81.172.81:80: connectex: A socket operation was attempted to an unreachable host. 
[2023-04-11 16:30:33] [FATAL]: 登录时发生致命错误: dial tcp error: dial tcp 42.81.172.81:80: connectex: A socket operation was attempted to an unreachable host. 
[2023-04-11 16:30:37] [WARNING]: 账号密码未配置, 将使用二维码登录. 
[2023-04-11 16:30:37] [ERROR]: Protocol -> connect server error: dial tcp error: dial tcp 42.81.172.81:80: connectex: A socket operation was attempted to an unreachable host. 
[2023-04-11 16:30:37] [FATAL]: 登录时发生致命错误: dial tcp error: dial tcp 42.81.172.81:80: connectex: A socket operation was attempted to an unreachable host. 
[2023-04-11 16:30:41] [WARNING]: 账号密码未配置, 将使用二维码登录. 
[2023-04-11 16:30:41] [ERROR]: Protocol -> connect server error: dial tcp error: dial tcp 42.81.172.81:80: connectex: A socket operation was attempted to an unreachable network. 
[2023-04-11 16:30:41] [FATAL]: 登录时发生致命错误: dial tcp error: dial tcp 42.81.172.81:80: connectex: A socket operation was attempted to an unreachable network. 
[2023-04-11 16:30:44] [WARNING]: 账号密码未配置, 将使用二维码登录. 
[2023-04-11 16:32:51] [FATAL]: 二维码过期 
[2023-04-11 16:32:54] [WARNING]: 账号密码未配置, 将使用二维码登录. 
[2023-04-11 16:34:56] [FATAL]: 二维码过期 
[2023-04-11 16:34:59] [WARNING]: 账号密码未配置, 将使用二维码登录. 
[2023-04-11 16:37:01] [FATAL]: 二维码过期 
[2023-04-11 16:37:05] [WARNING]: 账号密码未配置, 将使用二维码登录. 
[2023-04-11 16:39:06] [FATAL]: 二维码过期 
[2023-04-11 16:39:09] [WARNING]: 账号密码未配置, 将使用二维码登录. 
[2023-04-11 16:41:11] [FATAL]: 二维码过期 
[2023-04-11 16:41:15] [WARNING]: 账号密码未配置, 将使用二维码登录. 
[2023-04-11 16:43:16] [FATAL]: 二维码过期 
[2023-04-11 16:43:20] [WARNING]: 账号密码未配置, 将使用二维码登录. 
[2023-04-11 16:45:22] [FATAL]: 二维码过期 
[2023-04-11 16:45:26] [WARNING]: 账号密码未配置, 将使用二维码登录. 
[2023-04-11 16:47:32] [FATAL]: 二维码过期 
[2023-04-11 16:47:36] [WARNING]: 账号密码未配置, 将使用二维码登录. 
[2023-04-11 16:49:42] [FATAL]: 二维码过期 
[2023-04-11 16:49:46] [WARNING]: 账号密码未配置, 将使用二维码登录. 
[2023-04-11 16:51:47] [FATAL]: 二维码过期 
[2023-04-11 16:51:50] [WARNING]: 账号密码未配置, 将使用二维码登录. 
[2023-04-11 16:53:51] [FATAL]: 二维码过期 
[2023-04-11 16:53:55] [WARNING]: 账号密码未配置, 将使用二维码登录. 
[2023-04-11 16:55:57] [FATAL]: 二维码过期 
[2023-04-11 16:56:01] [WARNING]: 账号密码未配置, 将使用二维码登录. 
[2023-04-11 16:58:02] [FATAL]: 二维码过期 
[2023-04-11 16:58:06] [WARNING]: 账号密码未配置, 将使用二维码登录. 
[2023-04-11 17:00:07] [FATAL]: 二维码过期 
[2023-04-11 17:00:10] [WARNING]: 账号密码未配置, 将使用二维码登录. 
[2023-04-11 17:02:17] [FATAL]: 二维码过期 
[2023-04-11 17:02:21] [WARNING]: 账号密码未配置, 将使用二维码登录. 
[2023-04-11 17:04:23] [FATAL]: 二维码过期 
[2023-04-11 17:04:27] [WARNING]: 账号密码未配置, 将使用二维码登录. 
[2023-04-11 17:06:28] [FATAL]: 二维码过期 
[2023-04-11 17:06:33] [WARNING]: 账号密码未配置, 将使用二维码登录. 
[2023-04-11 17:08:34] [FATAL]: 二维码过期 
[2023-04-11 17:08:38] [WARNING]: 账号密码未配置, 将使用二维码登录. 
[2023-04-11 17:10:39] [FATAL]: 二维码过期 
[2023-04-11 17:10:43] [WARNING]: 账号密码未配置, 将使用二维码登录. 
[2023-04-11 17:12:44] [FATAL]: 二维码过期 
[2023-04-11 17:12:48] [WARNING]: 账号密码未配置, 将使用二维码登录. 
[2023-04-11 17:14:54] [FATAL]: 二维码过期 
[2023-04-11 17:14:57] [WARNING]: 账号密码未配置, 将使用二维码登录. 
[2023-04-11 17:17:04] [FATAL]: 二维码过期 
[2023-04-11 17:17:07] [WARNING]: 账号密码未配置, 将使用二维码登录. 
[2023-04-11 17:19:14] [FATAL]: 二维码过期 
[2023-04-11 17:19:18] [WARNING]: 账号密码未配置, 将使用二维码登录. 
[2023-04-11 17:21:20] [FATAL]: 二维码过期 
[2023-04-11 17:21:23] [WARNING]: 账号密码未配置, 将使用二维码登录. 
[2023-04-11 17:23:30] [FATAL]: 二维码过期 
[2023-04-11 17:23:34] [WARNING]: 账号密码未配置, 将使用二维码登录. 
[2023-04-11 17:25:36] [FATAL]: 二维码过期 
[2023-04-11 17:25:39] [WARNING]: 账号密码未配置, 将使用二维码登录. 
[2023-04-11 17:27:41] [FATAL]: 二维码过期 
[2023-04-11 17:27:44] [WARNING]: 账号密码未配置, 将使用二维码登录. 
[2023-04-11 17:29:51] [FATAL]: 二维码过期 
[2023-04-11 17:29:55] [WARNING]: 账号密码未配置, 将使用二维码登录. 
[2023-04-11 17:30:00] [FATAL]: 登录时发生致命错误: fetch qrcode error: missing payload length 
[2023-04-11 17:30:04] [WARNING]: 账号密码未配置, 将使用二维码登录. 
[2023-04-11 17:32:05] [FATAL]: 二维码过期 
[2023-04-11 17:32:08] [WARNING]: 账号密码未配置, 将使用二维码登录. 
[2023-04-11 17:34:10] [FATAL]: 二维码过期 
[2023-04-11 17:34:14] [WARNING]: 账号密码未配置, 将使用二维码登录. 
[2023-04-11 17:36:15] [FATAL]: 二维码过期 
[2023-04-11 17:36:19] [WARNING]: 账号密码未配置, 将使用二维码登录. 
[2023-04-11 17:38:21] [FATAL]: 二维码过期 
[2023-04-11 17:38:25] [WARNING]: 账号密码未配置, 将使用二维码登录. 
[2023-04-11 17:40:26] [FATAL]: 二维码过期 
[2023-04-11 17:40:29] [WARNING]: 账号密码未配置, 将使用二维码登录. 
[2023-04-11 17:42:31] [FATAL]: 二维码过期 
[2023-04-11 17:42:35] [WARNING]: 账号密码未配置, 将使用二维码登录. 
[2023-04-11 17:44:36] [FATAL]: 二维码过期 
[2023-04-11 17:44:40] [WARNING]: 账号密码未配置, 将使用二维码登录. 
[2023-04-11 17:46:41] [FATAL]: 二维码过期 
[2023-04-11 17:46:44] [WARNING]: 账号密码未配置, 将使用二维码登录. 
[2023-04-11 17:48:46] [FATAL]: 二维码过期 
[2023-04-11 17:48:50] [WARNING]: 账号密码未配置, 将使用二维码登录. 
[2023-04-11 17:50:51] [FATAL]: 二维码过期 
[2023-04-11 17:50:55] [WARNING]: 账号密码未配置, 将使用二维码登录. 
[2023-04-11 17:52:56] [FATAL]: 二维码过期 
[2023-04-11 17:53:00] [WARNING]: 账号密码未配置, 将使用二维码登录. 
[2023-04-11 17:55:02] [FATAL]: 二维码过期 
[2023-04-11 17:55:05] [WARNING]: 账号密码未配置, 将使用二维码登录. 
[2023-04-11 17:57:07] [FATAL]: 二维码过期 
[2023-04-11 17:57:11] [WARNING]: 账号密码未配置, 将使用二维码登录. 
[2023-04-11 17:59:12] [FATAL]: 二维码过期 
[2023-04-11 17:59:16] [WARNING]: 账号密码未配置, 将使用二维码登录. 
[2023-04-11 18:01:17] [FATAL]: 二维码过期 
[2023-04-11 18:01:20] [WARNING]: 账号密码未配置, 将使用二维码登录. 
[2023-04-11 18:03:22] [FATAL]: 二维码过期 
[2023-04-11 18:03:26] [WARNING]: 账号密码未配置, 将使用二维码登录. 
[2023-04-11 18:05:27] [FATAL]: 二维码过期 
[2023-04-11 18:05:31] [WARNING]: 账号密码未配置, 将使用二维码登录. 
[2023-04-11 18:07:32] [FATAL]: 二维码过期 
[2023-04-11 18:07:36] [WARNING]: 账号密码未配置, 将使用二维码登录. 
[2023-04-11 18:09:37] [FATAL]: 二维码过期 
[2023-04-11 18:09:40] [WARNING]: 账号密码未配置, 将使用二维码登录. 
[2023-04-11 18:11:41] [FATAL]: 二维码过期 
[2023-04-11 18:11:45] [WARNING]: 账号密码未配置, 将使用二维码登录. 
[2023-04-11 18:13:47] [FATAL]: 二维码过期 
[2023-04-11 18:13:50] [WARNING]: 账号密码未配置, 将使用二维码登录. 
[2023-04-11 18:15:51] [FATAL]: 二维码过期 
[2023-04-11 18:15:55] [WARNING]: 账号密码未配置, 将使用二维码登录. 
[2023-04-11 18:17:57] [FATAL]: 二维码过期 
[2023-04-11 18:18:00] [WARNING]: 账号密码未配置, 将使用二维码登录. 
[2023-04-11 18:20:01] [FATAL]: 二维码过期 
[2023-04-11 18:20:05] [WARNING]: 账号密码未配置, 将使用二维码登录. 
[2023-04-11 18:22:06] [FATAL]: 二维码过期 
[2023-04-11 18:22:09] [WARNING]: 账号密码未配置, 将使用二维码登录. 
[2023-04-11 18:24:11] [FATAL]: 二维码过期 
[2023-04-11 18:24:14] [WARNING]: 账号密码未配置, 将使用二维码登录. 
[2023-04-11 18:26:16] [FATAL]: 二维码过期 
[2023-04-11 18:26:20] [WARNING]: 账号密码未配置, 将使用二维码登录. 
[2023-04-11 18:28:21] [FATAL]: 二维码过期 
[2023-04-11 18:28:25] [WARNING]: 账号密码未配置, 将使用二维码登录. 
[2023-04-11 18:30:26] [FATAL]: 二维码过期 
[2023-04-11 18:30:30] [WARNING]: 账号密码未配置, 将使用二维码登录. 
[2023-04-11 18:32:31] [FATAL]: 二维码过期 
[2023-04-11 18:32:35] [WARNING]: 账号密码未配置, 将使用二维码登录. 
[2023-04-11 18:32:35] [FATAL]: 登录时发生致命错误: fetch qrcode error: missing payload length 
[2023-04-11 18:32:39] [WARNING]: 账号密码未配置, 将使用二维码登录. 
[2023-04-11 18:34:40] [FATAL]: 二维码过期 
[2023-04-11 18:34:44] [WARNING]: 账号密码未配置, 将使用二维码登录. 
[2023-04-11 18:36:45] [FATAL]: 二维码过期 
[2023-04-11 18:36:48] [WARNING]: 账号密码未配置, 将使用二维码登录. 
[2023-04-11 18:38:50] [FATAL]: 二维码过期 
[2023-04-11 18:38:54] [WARNING]: 账号密码未配置, 将使用二维码登录. 
[2023-04-11 18:40:56] [FATAL]: 二维码过期 
[2023-04-11 18:41:00] [WARNING]: 账号密码未配置, 将使用二维码登录. 
[2023-04-11 18:43:01] [FATAL]: 二维码过期 
[2023-04-11 18:43:04] [WARNING]: 账号密码未配置, 将使用二维码登录. 
[2023-04-11 18:45:11] [FATAL]: 二维码过期 
[2023-04-11 18:45:15] [WARNING]: 账号密码未配置, 将使用二维码登录. 
[2023-04-11 18:47:15] [FATAL]: 二维码过期 
[2023-04-11 18:47:19] [WARNING]: 账号密码未配置, 将使用二维码登录. 
[2023-04-11 18:49:25] [FATAL]: 二维码过期 
[2023-04-11 18:49:28] [WARNING]: 账号密码未配置, 将使用二维码登录. 
[2023-04-11 18:51:35] [FATAL]: 二维码过期 
[2023-04-11 18:51:38] [WARNING]: 账号密码未配置, 将使用二维码登录. 
[2023-04-11 18:53:40] [FATAL]: 二维码过期 
[2023-04-11 18:53:43] [WARNING]: 账号密码未配置, 将使用二维码登录. 
[2023-04-11 18:55:45] [FATAL]: 二维码过期 
[2023-04-11 18:55:49] [WARNING]: 账号密码未配置, 将使用二维码登录. 
[2023-04-11 18:57:50] [FATAL]: 二维码过期 
[2023-04-11 18:57:54] [WARNING]: 账号密码未配置, 将使用二维码登录. 
[2023-04-11 18:59:55] [FATAL]: 二维码过期 
[2023-04-11 18:59:59] [WARNING]: 账号密码未配置, 将使用二维码登录. 
[2023-04-11 19:02:00] [FATAL]: 二维码过期 
[2023-04-11 19:02:03] [WARNING]: 账号密码未配置, 将使用二维码登录. 
[2023-04-11 19:04:05] [FATAL]: 二维码过期 
[2023-04-11 19:04:08] [WARNING]: 账号密码未配置, 将使用二维码登录. 
[2023-04-11 19:06:10] [FATAL]: 二维码过期 
[2023-04-11 19:06:14] [WARNING]: 账号密码未配置, 将使用二维码登录. 
[2023-04-11 19:08:15] [FATAL]: 二维码过期 
[2023-04-11 19:08:19] [WARNING]: 账号密码未配置, 将使用二维码登录. 
[2023-04-11 19:10:20] [FATAL]: 二维码过期 
[2023-04-11 19:10:24] [WARNING]: 账号密码未配置, 将使用二维码登录. 
[2023-04-11 19:12:25] [FATAL]: 二维码过期 
[2023-04-11 19:12:28] [WARNING]: 账号密码未配置, 将使用二维码登录. 
[2023-04-11 19:14:30] [FATAL]: 二维码过期 
[2023-04-11 19:14:34] [WARNING]: 账号密码未配置, 将使用二维码登录. 
[2023-04-11 19:16:35] [FATAL]: 二维码过期 
[2023-04-11 19:16:38] [WARNING]: 账号密码未配置, 将使用二维码登录. 
[2023-04-11 19:18:40] [FATAL]: 二维码过期 
[2023-04-11 19:18:43] [WARNING]: 账号密码未配置, 将使用二维码登录. 
[2023-04-11 19:20:45] [FATAL]: 二维码过期 
[2023-04-11 19:20:49] [WARNING]: 账号密码未配置, 将使用二维码登录. 
[2023-04-11 19:22:51] [FATAL]: 二维码过期 
[2023-04-11 19:22:55] [WARNING]: 账号密码未配置, 将使用二维码登录. 
[2023-04-11 19:24:57] [FATAL]: 二维码过期 
[2023-04-11 19:25:01] [WARNING]: 账号密码未配置, 将使用二维码登录. 
[2023-04-11 19:27:02] [FATAL]: 二维码过期 
[2023-04-11 19:27:06] [WARNING]: 账号密码未配置, 将使用二维码登录. 
[2023-04-11 19:29:08] [FATAL]: 二维码过期 
[2023-04-11 19:29:11] [WARNING]: 账号密码未配置, 将使用二维码登录. 
[2023-04-11 19:31:14] [FATAL]: 二维码过期 
[2023-04-11 19:31:17] [WARNING]: 账号密码未配置, 将使用二维码登录. 
[2023-04-11 19:33:19] [FATAL]: 二维码过期 
[2023-04-11 19:33:22] [WARNING]: 账号密码未配置, 将使用二维码登录. 
[2023-04-11 19:35:24] [FATAL]: 二维码过期 
[2023-04-11 19:35:28] [WARNING]: 账号密码未配置, 将使用二维码登录. 
[2023-04-11 19:37:35] [FATAL]: 二维码过期 
[2023-04-11 19:37:38] [WARNING]: 账号密码未配置, 将使用二维码登录. 
[2023-04-11 19:39:40] [FATAL]: 二维码过期 
[2023-04-11 19:39:43] [WARNING]: 账号密码未配置, 将使用二维码登录. 
[2023-04-11 19:41:50] [FATAL]: 二维码过期 
[2023-04-11 19:41:54] [WARNING]: 账号密码未配置, 将使用二维码登录. 
[2023-04-11 19:43:09] [WARNING]: Protocol -> device lock is disable. http api may fail. 
